=== MPI Strassen Matrix Multiplication ===
Matrix size: 128x128
Number of processes: 4
Tree height limit: 5
Sequential threshold: 64
==========================================

Starting MPI Strassen multiplication...
MPI Strassen multiplication completed!
CPU Time: 0.001682 seconds
Wall Time: 0.001679 seconds

Verifying result with standard multiplication...
Standard multiplication time: 0.001407 seconds
Verification PASSED - Results match!
Speedup: 0.84x
=== MPI Strassen Matrix Multiplication ===
Matrix size: 128x128
Number of processes: 2
Tree height limit: 5
Sequential threshold: 64
==========================================

Starting MPI Strassen multiplication...
MPI Strassen multiplication completed!
CPU Time: 0.001728 seconds
Wall Time: 0.001726 seconds

Verifying result with standard multiplication...
Standard multiplication time: 0.001382 seconds
Verification PASSED - Results match!
Speedup: 0.80x
=== MPI Strassen Matrix Multiplication ===
Matrix size: 256x256
Number of processes: 4
Tree height limit: 5
Sequential threshold: 64
==========================================

Starting MPI Strassen multiplication...
Erro na execução do mpirun -np 4 '256' em . Abortando.
