1.1 
----------------------------------------------------------------------------
 Matrix Multiplication:

 Workload                  =     A
 Execution time in seconds =     0.001093
 Correctness verification  =     SUCCESSFUL
----------------------------------------------------------------------------
 Hardware:

 CPU                       =     
----------------------------------------------------------------------------
 Flags:

 Debug flag disabled
 Timer flag disabled
----------------------------------------------------------------------------
 Correctness:

                Reference	             Correct	               Found
               checksum_1	              763840	              763840
               checksum_2	               21700	               21700
               checksum_3	               30256	               30256
               checksum_4	               26846	               26846
----------------------------------------------------------------------------
 ================ 
1.1 
----------------------------------------------------------------------------
 Matrix Multiplication:

 Workload                  =     B
 Execution time in seconds =     0.007528
 Correctness verification  =     SUCCESSFUL
----------------------------------------------------------------------------
 Hardware:

 CPU                       =     
----------------------------------------------------------------------------
 Flags:

 Debug flag disabled
 Timer flag disabled
----------------------------------------------------------------------------
 Correctness:

                Reference	             Correct	               Found
               checksum_1	             6308736	             6308736
               checksum_2	               89460	               89460
               checksum_3	              165984	              165984
               checksum_4	              111006	              111006
----------------------------------------------------------------------------
 ================ 
